<?xml version="1.0" encoding="UTF-8"?>
<!-- Generated by org.testng.reporters.JUnitReportReporter -->
<testsuite hostname="HYWX-PC014" name="com.huayun.autoTest.testcases.login.LoginPage_001_LoginPassCheck_test" tests="1" failures="0" timestamp="26 Dec 2017 10:45:27 GMT" time="6.381" errors="0">
  <testcase name="LoginPageCheck" time="6.381" classname="com.huayun.autoTest.testcases.login.LoginPage_001_LoginPassCheck_test"/>
</testsuite> <!-- com.huayun.autoTest.testcases.login.LoginPage_001_LoginPassCheck_test -->
