<?xml version="1.0" encoding="UTF-8"?>
<!-- Generated by org.testng.reporters.JUnitReportReporter -->
<testsuite hostname="HYWX-PC014" name="com.huayun.autoTest.testcases.cec.CecPage_001_CecTryCheck" tests="1" failures="0" timestamp="28 Dec 2017 04:29:39 GMT" time="34.363" errors="0">
  <testcase name="cectrypass" time="34.363" classname="com.huayun.autoTest.testcases.cec.CecPage_001_CecTryCheck"/>
</testsuite> <!-- com.huayun.autoTest.testcases.cec.CecPage_001_CecTryCheck -->
